<?xml version="1.0" encoding="UTF-8"?>
<testsuite xmlns:xsi="http://www.w3.org/2001/XMLSchema-instance" xsi:noNamespaceSchemaLocation="https://maven.apache.org/surefire/maven-surefire-plugin/xsd/surefire-test-report-3.0.xsd" version="3.0" name="com.example.TesteEstoque" time="3.56" tests="7" errors="0" skipped="0" failures="0">
  <properties>
[...]
</properties>
  <testcase name="testVerificaDisponibilidade" classname="com.example.TesteEstoque" time="0.002">
    <system-out><![CDATA[===== INÍCIO DOS TESTES DE ESTOQUE ======
Código do jogo:5, static:5
Passou no Teste de Disponibilidade de Estoque!
======= FIM DOS TESTES DE ESTOQUE =======
]]></system-out>
  </testcase>
  <testcase name="testRemoverJogo" classname="com.example.TesteEstoque" time="3.551">
    <system-out><![CDATA[===== INÍCIO DOS TESTES DE ESTOQUE ======
Código do jogo:6, static:6
Código do jogo:7, static:7
Passou no Teste de Remover Jogo!
======= FIM DOS TESTES DE ESTOQUE =======
]]></system-out>
  </testcase>
  <testcase name="testGetJogo" classname="com.example.TesteEstoque" time="0.001">
    <system-out><![CDATA[===== INÍCIO DOS TESTES DE ESTOQUE ======
Código do jogo:8, static:8
Passou no Teste de Get Jogo!
======= FIM DOS TESTES DE ESTOQUE =======
]]></system-out>
  </testcase>
  <testcase name="testAdicionarQuantidadeEstoque" classname="com.example.TesteEstoque" time="0.001">
    <system-out><![CDATA[===== INÍCIO DOS TESTES DE ESTOQUE ======
Código do jogo:9, static:9
Passou no Teste de Adicionar Quantidade no Estoque!
======= FIM DOS TESTES DE ESTOQUE =======
]]></system-out>
  </testcase>
  <testcase name="testRemoverQuantidadeEstoque" classname="com.example.TesteEstoque" time="0.001">
    <system-out><![CDATA[===== INÍCIO DOS TESTES DE ESTOQUE ======
Código do jogo:10, static:10
Passou no Teste de Remover Quantidade do Estoque!
======= FIM DOS TESTES DE ESTOQUE =======
]]></system-out>
  </testcase>
  <testcase name="testAdicionarJogoDig" classname="com.example.TesteEstoque" time="0.001">
    <system-out><![CDATA[===== INÍCIO DOS TESTES DE ESTOQUE ======
Código do jogo:11, static:11
Passou no Teste de Adicionar Jogo Digital!
======= FIM DOS TESTES DE ESTOQUE =======
]]></system-out>
  </testcase>
  <testcase name="testAdicionarJogoTab" classname="com.example.TesteEstoque" time="0">
    <system-out><![CDATA[===== INÍCIO DOS TESTES DE ESTOQUE ======
Código do jogo:12, static:12
Passou no Teste de Adicionar Jogo de Tabuleiro!
======= FIM DOS TESTES DE ESTOQUE =======
]]></system-out>
  </testcase>
</testsuite>