<?xml version="1.0" encoding="UTF-8" standalone="yes"?><!DOCTYPE report PUBLIC "-//JACOCO//DTD Report 1.1//EN" "report.dtd"><report name="demo"><sessioninfo id="LuanG15-ffc4fb5e" start="1722783737320" dump="1722783737841"/><sessioninfo id="LuanG15-419c1159" start="1722783904864" dump="1722783905417"/><sessioninfo id="LuanG15-523e2dcb" start="1722784222400" dump="1722784226188"/><sessioninfo id="LuanG15-b07d5d65" start="1722784376357" dump="1722784376855"/><sessioninfo id="LuanG15-ea9c1cc" start="1722784466682" dump="1722784467634"/><sessioninfo id="LuanG15-a4813427" start="1722796602482" dump="1722796731429"/><sessioninfo id="LuanG15-93e3db91" start="1722796798985" dump="1722796803245"/></report>